0 info it worked if it ends with ok
1 verbose cli [ '/Users/yuka/.nvm/versions/node/v0.12.13/bin/node',
1 verbose cli   '/Users/yuka/.nvm/versions/node/v0.12.13/bin/npm',
1 verbose cli   'run',
1 verbose cli   'start' ]
2 info using npm@2.15.0
3 info using node@v0.12.13
4 verbose run-script [ 'prestart', 'start', 'poststart' ]
5 info prestart deepr-server@0.0.0
6 info start deepr-server@0.0.0
7 verbose unsafe-perm in lifecycle true
8 info deepr-server@0.0.0 Failed to exec start script
9 verbose stack Error: deepr-server@0.0.0 start: `node ./bin/www`
9 verbose stack Exit status 1
9 verbose stack     at EventEmitter.<anonymous> (/Users/yuka/.nvm/versions/node/v0.12.13/lib/node_modules/npm/lib/utils/lifecycle.js:217:16)
9 verbose stack     at EventEmitter.emit (events.js:110:17)
9 verbose stack     at ChildProcess.<anonymous> (/Users/yuka/.nvm/versions/node/v0.12.13/lib/node_modules/npm/lib/utils/spawn.js:24:14)
9 verbose stack     at ChildProcess.emit (events.js:110:17)
9 verbose stack     at maybeClose (child_process.js:1019:16)
9 verbose stack     at Process.ChildProcess._handle.onexit (child_process.js:1091:5)
10 verbose pkgid deepr-server@0.0.0
11 verbose cwd /Users/yuka/workspace/deepr-server
12 error Darwin 15.5.0
13 error argv "/Users/yuka/.nvm/versions/node/v0.12.13/bin/node" "/Users/yuka/.nvm/versions/node/v0.12.13/bin/npm" "run" "start"
14 error node v0.12.13
15 error npm  v2.15.0
16 error code ELIFECYCLE
17 error deepr-server@0.0.0 start: `node ./bin/www`
17 error Exit status 1
18 error Failed at the deepr-server@0.0.0 start script 'node ./bin/www'.
18 error This is most likely a problem with the deepr-server package,
18 error not with npm itself.
18 error Tell the author that this fails on your system:
18 error     node ./bin/www
18 error You can get information on how to open an issue for this project with:
18 error     npm bugs deepr-server
18 error Or if that isn't available, you can get their info via:
18 error
18 error     npm owner ls deepr-server
18 error There is likely additional logging output above.
19 verbose exit [ 1, true ]
